<?xml version="1.0" encoding="UTF-8"?>
<!-- Generated by org.testng.reporters.JUnitReportReporter -->
<testsuite hostname="DESKTOP-N6FLCJE" failures="0" tests="1" name="com.teladoc.challenge.Astha_Pandita_teladoc_challenge.AppTest" time="20.023" errors="0" timestamp="2021-12-03T16:52:44 EST" skipped="0">
  <testcase classname="com.teladoc.challenge.Astha_Pandita_teladoc_challenge.AppTest" name="verifyAddUser" time="20.023"/>
  <system-out/>
</testsuite> <!-- com.teladoc.challenge.Astha_Pandita_teladoc_challenge.AppTest -->
