<?xml version="1.0" encoding="UTF-8"?>
<!-- Generated by org.testng.reporters.JUnitReportReporter -->
<testsuite hostname="DESKTOP-N6FLCJE" failures="0" tests="1" name="com.teladoc.BaseSetUp" time="0.018" errors="0" timestamp="2021-12-02T22:05:57 EST" skipped="0">
  <testcase classname="com.teladoc.BaseSetUp" name="f" time="0.018"/>
  <system-out/>
</testsuite> <!-- com.teladoc.BaseSetUp -->
